 05/10 00:38:53   info    Config updated with random values.
Loading route: /app/panel/routes/API/v1/API.js
Loading route: /app/panel/routes/API/v1/ping.js
Loading route: /app/panel/routes/API/v1/resourceMonitor.js
Loading route: /app/panel/routes/API/v1/version.js
Loading route: /app/panel/routes/Admin/APIKeys.js
Loading route: /app/panel/routes/Admin/AuditLogs.js
Loading route: /app/panel/routes/Admin/Dashboard.js
Loading route: /app/panel/routes/Admin/Instances.js
Loading route: /app/panel/routes/Admin/Languages.js
Loading route: /app/panel/routes/Admin/LocalNode.js
Loading route: /app/panel/routes/Admin/Nodes.js
Loading route: /app/panel/routes/Admin/Notifications.js
Loading route: /app/panel/routes/Admin/Overview.js
Loading route: /app/panel/routes/Admin/Roles.js
Loading route: /app/panel/routes/Admin/Security.js
Loading route: /app/panel/routes/Admin/Settings.js
Loading route: /app/panel/routes/Admin/Templates.js
Loading route: /app/panel/routes/Admin/Theme.js
Loading route: /app/panel/routes/Admin/Tickets.js
Loading route: /app/panel/routes/Admin/Users.js
Loading route: /app/panel/routes/Dashboard/Account.js
Loading route: /app/panel/routes/Dashboard/Auth.js
Loading route: /app/panel/routes/Dashboard/Instances.js
Loading route: /app/panel/routes/Dashboard/Setup.js
Loading route: /app/panel/routes/Dashboard/Tickets.js
Loading route: /app/panel/routes/Instance/Archives.js
Loading route: /app/panel/routes/Instance/Automations.js
Loading route: /app/panel/routes/Instance/CreateFile.js
Loading route: /app/panel/routes/Instance/CreateFolder.js
Loading route: /app/panel/routes/Instance/DeleteFile.js
Loading route: /app/panel/routes/Instance/Deploy.js
Loading route: /app/panel/routes/Instance/DownloadFile.js
Loading route: /app/panel/routes/Instance/Edit.js
Loading route: /app/panel/routes/Instance/EditFile.js
Loading route: /app/panel/routes/Instance/Files.js
Loading route: /app/panel/routes/Instance/ImageFeatures.js
Loading route: /app/panel/routes/Instance/Instance.js
Loading route: /app/panel/routes/Instance/InstanceDB.js
Loading route: /app/panel/routes/Instance/InstanceFTP.js
Loading route: /app/panel/routes/Instance/InstanceReDeploy.js
Loading route: /app/panel/routes/Instance/InstanceReinstall.js
Loading route: /app/panel/routes/Instance/InstanceSettings.js
Loading route: /app/panel/routes/Instance/Network.js
Loading route: /app/panel/routes/Instance/Power.js
Loading route: /app/panel/routes/Instance/PullFile.js
Loading route: /app/panel/routes/Instance/RenameFile.js
Loading route: /app/panel/routes/Instance/Startup.js
Loading route: /app/panel/routes/Instance/UploadFile.js
Loading route: /app/panel/routes/Instance/User.js
Loading route: /app/panel/routes/Instance/ViewFile.js
Loading route: /app/panel/routes/Instance/WebSocket/Console.js
Loading route: /app/panel/routes/Instance/WebSocket/Stats.js
    __ _______    ____                   __
   / //_/ ___/   / __ \____ _____  ___  / /
  / ,<  \__ \   / /_/ / __ `/ __ \/ _ \/ /
 / /| |___/ /  / ____/ /_/ / / / /  __/ /
/_/ |_/____/  /_/    \__,_/_/ /_/\___/_/

❰🔹❰❰ 𝑲𝑺 𝑾𝒂𝒓𝒓𝒊𝒐𝒓 ❱❱🔹❱ | version vundefined

 05/10 00:38:54   info    KS Panel is listening on port 8080
 05/10 00:38:54   debug   Server ready - routes loaded
 05/10 00:38:54   info    Loading plugins...
 05/10 00:38:54   info    Loading plugin 'example_plugin', enabled: false
 05/10 00:38:54   info    KS Panel init complete!
 05/10 00:38:54   info    plugins.json successfully written.
ReferenceError: /app/panel/views/components/template.ejs:9
    7|       <meta charset="UTF-8">
    8|       <meta name="viewport" content="width=device-width, initial-scale=1.0">
 >> 9|       <meta content="<%= ogTitle %>" property="og:title">
    10|       <meta content="<%= ogDescription %>" property="og:description">
    11|       <script src="https://cdn.jsdelivr.net/npm/@tailwindcss/browser@4.2.1/dist/index.global.js"></script>
    12|       <link href="/css/ks-panel.css" rel="stylesheet">

ogTitle is not defined
    at eval ("/app/panel/views/components/template.ejs":15:26)
    at template (/app/panel/node_modules/ejs/lib/ejs.js:703:17)
    at tryHandleCache (/app/panel/node_modules/ejs/lib/ejs.js:274:36)
    at exports.renderFile [as engine] (/app/panel/node_modules/ejs/lib/ejs.js:491:10)
    at View.render (/app/panel/node_modules/express/lib/view.js:135:8)
    at tryRender (/app/panel/node_modules/express/lib/application.js:657:10)
    at Function.render (/app/panel/node_modules/express/lib/application.js:609:3)
    at ServerResponse.render (/app/panel/node_modules/express/lib/response.js:1049:7)
    at /app/panel/index.js:247:7
    at Layer.handle [as handle_request] (/app/panel/node_modules/express/lib/router/layer.js:95:5)
ReferenceError: /app/panel/views/components/template.ejs:9
    7|       <meta charset="UTF-8">
    8|       <meta name="viewport" content="width=device-width, initial-scale=1.0">
 >> 9|       <meta content="<%= ogTitle %>" property="og:title">
    10|       <meta content="<%= ogDescription %>" property="og:description">
    11|       <script src="https://cdn.jsdelivr.net/npm/@tailwindcss/browser@4.2.1/dist/index.global.js"></script>
    12|       <link href="/css/ks-panel.css" rel="stylesheet">

ogTitle is not defined
    at eval ("/app/panel/views/components/template.ejs":15:26)
    at template (/app/panel/node_modules/ejs/lib/ejs.js:703:17)
    at tryHandleCache (/app/panel/node_modules/ejs/lib/ejs.js:274:36)
    at exports.renderFile [as engine] (/app/panel/node_modules/ejs/lib/ejs.js:491:10)
    at View.render (/app/panel/node_modules/express/lib/view.js:135:8)
    at tryRender (/app/panel/node_modules/express/lib/application.js:657:10)
    at Function.render (/app/panel/node_modules/express/lib/application.js:609:3)
    at ServerResponse.render (/app/panel/node_modules/express/lib/response.js:1049:7)
    at /app/panel/index.js:247:7
    at Layer.handle [as handle_request] (/app/panel/node_modules/express/lib/router/layer.js:95:5)
ReferenceError: /app/panel/views/components/template.ejs:9
    7|       <meta charset="UTF-8">
    8|       <meta name="viewport" content="width=device-width, initial-scale=1.0">
 >> 9|       <meta content="<%= ogTitle %>" property="og:title">
    10|       <meta content="<%= ogDescription %>" property="og:description">
    11|       <script src="https://cdn.jsdelivr.net/npm/@tailwindcss/browser@4.2.1/dist/index.global.js"></script>
    12|       <link href="/css/ks-panel.css" rel="stylesheet">

ogTitle is not defined
    at eval ("/app/panel/views/components/template.ejs":15:26)
    at template (/app/panel/node_modules/ejs/lib/ejs.js:703:17)
    at tryHandleCache (/app/panel/node_modules/ejs/lib/ejs.js:274:36)
    at exports.renderFile [as engine] (/app/panel/node_modules/ejs/lib/ejs.js:491:10)
    at View.render (/app/panel/node_modules/express/lib/view.js:135:8)
    at tryRender (/app/panel/node_modules/express/lib/application.js:657:10)
    at Function.render (/app/panel/node_modules/express/lib/application.js:609:3)
    at ServerResponse.render (/app/panel/node_modules/express/lib/response.js:1049:7)
    at /app/panel/index.js:247:7
    at Layer.handle [as handle_request] (/app/panel/node_modules/express/lib/router/layer.js:95:5)
