[PM2] Applying action restartProcessId on app [ks-panel](ids: [ 0 ])
[PM2] [ks-panel](0) ✓
[PM2] Process successfully started
┌────┬─────────────┬─────────────┬─────────┬─────────┬──────────┬────────┬──────┬───────────┬──────────┬──────────┬──────────┬──────────┐
│ id │ name        │ namespace   │ version │ mode    │ pid      │ uptime │ ↺    │ status    │ cpu      │ mem      │ user     │ watching │
├────┼─────────────┼─────────────┼─────────┼─────────┼──────────┼────────┼──────┼───────────┼──────────┼──────────┼──────────┼──────────┤
│ 0  │ ks-panel    │ default     │ 1.0.0   │ fork    │ 2200456  │ 0s     │ 104… │ online    │ 0%       │ 33.4mb   │ jules    │ disabled │
└────┴─────────────┴─────────────┴─────────┴─────────┴──────────┴────────┴──────┴───────────┴──────────┴──────────┴──────────┴──────────┘
KS Panel started with PM2.
[TAILING] Tailing last 15 lines for [ks-panel] process (change the value with --lines option)
/home/jules/.pm2/logs/ks-panel-out.log last 15 lines:
0|ks-panel | Loading route: /app/panel/routes/Instance/WebSocket/Stats.js
0|ks-panel |     __ _______    ____                   __
0|ks-panel |    / //_/ ___/   / __ \____ _____  ___  / /
0|ks-panel |   / ,<  \__ \   / /_/ / __ `/ __ \/ _ \/ /
0|ks-panel |  / /| |___/ /  / ____/ /_/ / / / /  __/ /
0|ks-panel | /_/ |_/____/  /_/    \__,_/_/ /_/\___/_/
0|ks-panel |
0|ks-panel | ❰🔹❰❰ 𝑲𝑺 𝑾𝒂𝒓𝒓𝒊𝒐𝒓 ❱❱🔹❱ | version v1.0.0
0|ks-panel |
0|ks-panel |  05/07 11:36:42   info    KS Panel is listening on port 8080
0|ks-panel |  05/07 11:36:42   debug   Server ready - routes loaded
0|ks-panel |  05/07 11:36:42   info    Loading plugins...
0|ks-panel |  05/07 11:36:42   info    Loading plugin 'example_plugin', enabled: false
0|ks-panel |  05/07 11:36:42   init    This is probably your first time starting KS Panel, welcome!
0|ks-panel |  05/07 11:36:42   info    Please navigate to the panel URL to create your admin account.

/home/jules/.pm2/logs/ks-panel-error.log last 15 lines:
0|ks-panel |  05/07 11:36:39   warn    No users found. KS Panel will start in setup mode.
0|ks-panel |  05/07 11:36:39   error   Before starting KS Panel for the first time, you didn't run the seed command!
0|ks-panel |  05/07 11:36:39   error   Please run: npm run seed
0|ks-panel |  05/07 11:36:40   warn    Module not found for plugin 'example_plugin' in '/app/database/plugins/example_plugin'. Attempting to install 'find'...
0|ks-panel |  05/07 11:36:40   warn    No users found. KS Panel will start in setup mode.
0|ks-panel |  05/07 11:36:40   error   Before starting KS Panel for the first time, you didn't run the seed command!
0|ks-panel |  05/07 11:36:40   error   Please run: npm run seed
0|ks-panel |  05/07 11:36:41   warn    Module not found for plugin 'example_plugin' in '/app/database/plugins/example_plugin'. Attempting to install 'find'...
0|ks-panel |  05/07 11:36:41   warn    No users found. KS Panel will start in setup mode.
0|ks-panel |  05/07 11:36:41   error   Before starting KS Panel for the first time, you didn't run the seed command!
0|ks-panel |  05/07 11:36:41   error   Please run: npm run seed
0|ks-panel |  05/07 11:36:42   warn    Module not found for plugin 'example_plugin' in '/app/database/plugins/example_plugin'. Attempting to install 'find'...
0|ks-panel |  05/07 11:36:42   warn    No users found. KS Panel will start in setup mode.
0|ks-panel |  05/07 11:36:42   error   Before starting KS Panel for the first time, you didn't run the seed command!
0|ks-panel |  05/07 11:36:42   error   Please run: npm run seed

0|ks-panel  |  05/08 13:30:55   info    Config updated with random values.
0|ks-panel  | Loading route: /app/panel/routes/API/v1/API.js
0|ks-panel  | Loading route: /app/panel/routes/API/v1/ping.js
0|ks-panel  | Loading route: /app/panel/routes/API/v1/resourceMonitor.js
0|ks-panel  | Loading route: /app/panel/routes/API/v1/version.js
0|ks-panel  | Loading route: /app/panel/routes/Admin/APIKeys.js
0|ks-panel  | Loading route: /app/panel/routes/Admin/AuditLogs.js
0|ks-panel  | Loading route: /app/panel/routes/Admin/Dashboard.js
0|ks-panel  | Loading route: /app/panel/routes/Admin/Instances.js
0|ks-panel  | Loading route: /app/panel/routes/Admin/Languages.js
0|ks-panel  | Loading route: /app/panel/routes/Admin/LocalNode.js
0|ks-panel  | Loading route: /app/panel/routes/Admin/Nodes.js
0|ks-panel  | Loading route: /app/panel/routes/Admin/Notifications.js
0|ks-panel  | Loading route: /app/panel/routes/Admin/Overview.js
0|ks-panel  | Loading route: /app/panel/routes/Admin/Roles.js
0|ks-panel  | Loading route: /app/panel/routes/Admin/Security.js
0|ks-panel  | Loading route: /app/panel/routes/Admin/Settings.js
0|ks-panel  | Loading route: /app/panel/routes/Admin/Templates.js
0|ks-panel  | Loading route: /app/panel/routes/Admin/Theme.js
0|ks-panel  | Loading route: /app/panel/routes/Admin/Tickets.js
0|ks-panel  | Loading route: /app/panel/routes/Admin/Users.js
0|ks-panel  | Loading route: /app/panel/routes/Dashboard/Account.js
0|ks-panel  | Loading route: /app/panel/routes/Dashboard/Auth.js
0|ks-panel  | Loading route: /app/panel/routes/Dashboard/Instances.js
0|ks-panel  | Loading route: /app/panel/routes/Dashboard/Setup.js
0|ks-panel  | Loading route: /app/panel/routes/Dashboard/Tickets.js
0|ks-panel  | Loading route: /app/panel/routes/Instance/Archives.js
0|ks-panel  | Loading route: /app/panel/routes/Instance/Automations.js
0|ks-panel  | Loading route: /app/panel/routes/Instance/CreateFile.js
0|ks-panel  | Loading route: /app/panel/routes/Instance/CreateFolder.js
0|ks-panel  | Loading route: /app/panel/routes/Instance/DeleteFile.js
0|ks-panel  | Loading route: /app/panel/routes/Instance/Deploy.js
0|ks-panel  | Loading route: /app/panel/routes/Instance/DownloadFile.js
0|ks-panel  | Loading route: /app/panel/routes/Instance/Edit.js
0|ks-panel  | Loading route: /app/panel/routes/Instance/EditFile.js
0|ks-panel  | Loading route: /app/panel/routes/Instance/Files.js
0|ks-panel  | Loading route: /app/panel/routes/Instance/ImageFeatures.js
0|ks-panel  | Loading route: /app/panel/routes/Instance/Instance.js
0|ks-panel  | Loading route: /app/panel/routes/Instance/InstanceDB.js
0|ks-panel  | Loading route: /app/panel/routes/Instance/InstanceFTP.js
0|ks-panel  | Loading route: /app/panel/routes/Instance/InstanceReDeploy.js
0|ks-panel  | Loading route: /app/panel/routes/Instance/InstanceReinstall.js
0|ks-panel  | Loading route: /app/panel/routes/Instance/InstanceSettings.js
0|ks-panel  | Loading route: /app/panel/routes/Instance/Network.js
0|ks-panel  | Loading route: /app/panel/routes/Instance/Power.js
0|ks-panel  | Loading route: /app/panel/routes/Instance/PullFile.js
0|ks-panel  | Loading route: /app/panel/routes/Instance/RenameFile.js
0|ks-panel  | Loading route: /app/panel/routes/Instance/Startup.js
0|ks-panel  | Loading route: /app/panel/routes/Instance/UploadFile.js
0|ks-panel  | Loading route: /app/panel/routes/Instance/User.js
0|ks-panel  | Loading route: /app/panel/routes/Instance/ViewFile.js
0|ks-panel  | Loading route: /app/panel/routes/Instance/WebSocket/Console.js
0|ks-panel  | Loading route: /app/panel/routes/Instance/WebSocket/Stats.js
0|ks-panel  |     __ _______    ____                   __
0|ks-panel  |    / //_/ ___/   / __ \____ _____  ___  / /
0|ks-panel  |   / ,<  \__ \   / /_/ / __ `/ __ \/ _ \/ /
0|ks-panel  |  / /| |___/ /  / ____/ /_/ / / / /  __/ /
0|ks-panel  | /_/ |_/____/  /_/    \__,_/_/ /_/\___/_/
0|ks-panel  | ❰🔹❰❰ 𝑲𝑺 𝑾𝒂𝒓𝒓𝒊𝒐𝒓 ❱❱🔹❱ | version v1.0.0
0|ks-panel  |  05/08 13:30:56   info    KS Panel is listening on port 8080
0|ks-panel  |  05/08 13:30:56   debug   Server ready - routes loaded
0|ks-panel  |  05/08 13:30:56   init    This is probably your first time starting KS Panel, welcome!
0|ks-panel  |  05/08 13:30:56   info    Loading plugins...
0|ks-panel  |  05/08 13:30:56   info    Loading plugin 'example_plugin', enabled: false
0|ks-panel  |  05/08 13:30:56   warn    Module not found for plugin 'example_plugin' in '/app/database/plugins/example_plugin'. Attempting to install 'find'...
0|ks-panel  |  05/08 13:30:56   warn    No users found. KS Panel will start in setup mode.
0|ks-panel  |  05/08 13:30:56   info    Please navigate to the panel URL to create your admin account.
0|ks-panel  |  05/08 13:30:56   info    Initialized KS Panel with ID: 748e7b37-c8ef-4e4c-98b8-393c053bd8a5
0|ks-panel  |  05/08 13:30:56   info    KS Panel init complete!
0|ks-panel  |  05/08 13:30:58   info    Successfully installed module find.
0|ks-panel  |  05/08 13:30:58   error   Error loading plugin 'example_plugin': Cannot find module 'express'
0|ks-panel  | Require stack:
0|ks-panel  | - /app/database/plugins/example_plugin/router/index.js
0|ks-panel  | - /app/panel/plugins/pluginManager.js
0|ks-panel  | - /app/panel/index.js.
0|ks-panel  |  05/08 13:30:58   info    plugins.json successfully written.
0|ks-panel  |  05/08 13:30:58   error   Errors occurred while loading plugins: Loading error in 'example_plugin': Cannot find module 'express'
0|ks-panel  | Require stack:
0|ks-panel  | - /app/database/plugins/example_plugin/router/index.js
0|ks-panel  | - /app/panel/plugins/pluginManager.js
0|ks-panel  | - /app/panel/index.js
0|ks-panel  |  05/08 14:04:45   info    Config updated with random values.
0|ks-panel  | Loading route: /app/panel/routes/API/v1/API.js
0|ks-panel  | Loading route: /app/panel/routes/API/v1/ping.js
0|ks-panel  | Loading route: /app/panel/routes/API/v1/resourceMonitor.js
0|ks-panel  | Loading route: /app/panel/routes/API/v1/version.js
0|ks-panel  | Loading route: /app/panel/routes/Admin/APIKeys.js
0|ks-panel  | Loading route: /app/panel/routes/Admin/AuditLogs.js
0|ks-panel  | Loading route: /app/panel/routes/Admin/Dashboard.js
0|ks-panel  | Loading route: /app/panel/routes/Admin/Instances.js
0|ks-panel  | Loading route: /app/panel/routes/Admin/Languages.js
0|ks-panel  | Loading route: /app/panel/routes/Admin/LocalNode.js
0|ks-panel  | Loading route: /app/panel/routes/Admin/Nodes.js
0|ks-panel  | Loading route: /app/panel/routes/Admin/Notifications.js
0|ks-panel  | Loading route: /app/panel/routes/Admin/Overview.js
0|ks-panel  | Loading route: /app/panel/routes/Admin/Roles.js
0|ks-panel  | Loading route: /app/panel/routes/Admin/Security.js
0|ks-panel  | Loading route: /app/panel/routes/Admin/Settings.js
0|ks-panel  | Loading route: /app/panel/routes/Admin/Templates.js
0|ks-panel  | Loading route: /app/panel/routes/Admin/Theme.js
0|ks-panel  | Loading route: /app/panel/routes/Admin/Tickets.js
0|ks-panel  | Loading route: /app/panel/routes/Admin/Users.js
0|ks-panel  | Loading route: /app/panel/routes/Dashboard/Account.js
0|ks-panel  | Loading route: /app/panel/routes/Dashboard/Auth.js
0|ks-panel  | Loading route: /app/panel/routes/Dashboard/Instances.js
0|ks-panel  | Loading route: /app/panel/routes/Dashboard/Setup.js
0|ks-panel  | Loading route: /app/panel/routes/Dashboard/Tickets.js
0|ks-panel  | Loading route: /app/panel/routes/Instance/Archives.js
0|ks-panel  | Loading route: /app/panel/routes/Instance/Automations.js
0|ks-panel  | Loading route: /app/panel/routes/Instance/CreateFile.js
0|ks-panel  | Loading route: /app/panel/routes/Instance/CreateFolder.js
0|ks-panel  | Loading route: /app/panel/routes/Instance/DeleteFile.js
0|ks-panel  | Loading route: /app/panel/routes/Instance/Deploy.js
0|ks-panel  | Loading route: /app/panel/routes/Instance/DownloadFile.js
0|ks-panel  | Loading route: /app/panel/routes/Instance/Edit.js
0|ks-panel  | Loading route: /app/panel/routes/Instance/EditFile.js
0|ks-panel  | Loading route: /app/panel/routes/Instance/Files.js
0|ks-panel  | Loading route: /app/panel/routes/Instance/ImageFeatures.js
0|ks-panel  | Loading route: /app/panel/routes/Instance/Instance.js
0|ks-panel  | Loading route: /app/panel/routes/Instance/InstanceDB.js
0|ks-panel  | Loading route: /app/panel/routes/Instance/InstanceFTP.js
0|ks-panel  | Loading route: /app/panel/routes/Instance/InstanceReDeploy.js
0|ks-panel  | Loading route: /app/panel/routes/Instance/InstanceReinstall.js
0|ks-panel  | Loading route: /app/panel/routes/Instance/InstanceSettings.js
0|ks-panel  | Loading route: /app/panel/routes/Instance/Network.js
0|ks-panel  | Loading route: /app/panel/routes/Instance/Power.js
0|ks-panel  | Loading route: /app/panel/routes/Instance/PullFile.js
0|ks-panel  | Loading route: /app/panel/routes/Instance/RenameFile.js
0|ks-panel  | Loading route: /app/panel/routes/Instance/Startup.js
0|ks-panel  | Loading route: /app/panel/routes/Instance/UploadFile.js
0|ks-panel  | Loading route: /app/panel/routes/Instance/User.js
0|ks-panel  | Loading route: /app/panel/routes/Instance/ViewFile.js
0|ks-panel  | Loading route: /app/panel/routes/Instance/WebSocket/Console.js
0|ks-panel  | Loading route: /app/panel/routes/Instance/WebSocket/Stats.js
0|ks-panel  |     __ _______    ____                   __
0|ks-panel  |    / //_/ ___/   / __ \____ _____  ___  / /
0|ks-panel  |   / ,<  \__ \   / /_/ / __ `/ __ \/ _ \/ /
0|ks-panel  |  / /| |___/ /  / ____/ /_/ / / / /  __/ /
0|ks-panel  | /_/ |_/____/  /_/    \__,_/_/ /_/\___/_/
0|ks-panel  | ❰🔹❰❰ 𝑲𝑺 𝑾𝒂𝒓𝒓𝒊𝒐𝒓 ❱❱🔹❱ | version v1.0.0
0|ks-panel  | Error: listen EADDRINUSE: address already in use :::8080
0|ks-panel  |     at Server.setupListenHandle [as _listen2] (node:net:1940:16)
0|ks-panel  |     at listenInCluster (node:net:1997:12)
0|ks-panel  |     at Server.listen (node:net:2102:7)
0|ks-panel  |     at Function.serverListen [as listen] (/app/panel/node_modules/express-ws/lib/index.js:42:40)
0|ks-panel  |     at Object.<anonymous> (/app/panel/index.js:401:5)
0|ks-panel  |     at Module._compile (node:internal/modules/cjs/loader:1705:14)
0|ks-panel  |     at Object..js (node:internal/modules/cjs/loader:1838:10)
0|ks-panel  |     at Module.load (node:internal/modules/cjs/loader:1441:32)
0|ks-panel  |     at Function._load (node:internal/modules/cjs/loader:1263:12)
0|ks-panel  |     at Object.<anonymous> (/home/jules/.nvm/versions/node/v22.22.1/lib/node_modules/pm2/lib/ProcessContainerFork.js:33:23) {
0|ks-panel  |   code: 'EADDRINUSE',
0|ks-panel  |   errno: -98,
0|ks-panel  |   syscall: 'listen',
0|ks-panel  |   address: '::',
0|ks-panel  |   port: 8080
0|ks-panel  | }
0|ks-panel  |  05/08 14:04:46   error   Uncaught Exception: listen EADDRINUSE: address already in use :::8080
0|ks-panel  |  05/08 14:04:46   info    Loading plugins...
0|ks-panel  |  05/08 14:04:46   info    Loading plugin 'example_plugin', enabled: false
0|ks-panel  |  05/08 14:04:46   warn    Module not found for plugin 'example_plugin' in '/app/database/plugins/example_plugin'. Attempting to install 'find'...
0|ks-panel  |  05/08 14:04:46   info    KS Panel init complete!
0|ks-panel  |  05/08 14:04:49   info    Successfully installed module find.
0|ks-panel  |  05/08 14:04:49   error   Error loading plugin 'example_plugin': Cannot find module 'express'
0|ks-panel  | Require stack:
0|ks-panel  | - /app/database/plugins/example_plugin/router/index.js
0|ks-panel  | - /app/panel/plugins/pluginManager.js
0|ks-panel  | - /app/panel/index.js.
0|ks-panel  |  05/08 14:04:49   info    plugins.json successfully written.
0|ks-panel  |  05/08 14:04:49   error   Errors occurred while loading plugins: Loading error in 'example_plugin': Cannot find module 'express'
0|ks-panel  | Require stack:
0|ks-panel  | - /app/database/plugins/example_plugin/router/index.js
0|ks-panel  | - /app/panel/plugins/pluginManager.js
0|ks-panel  | - /app/panel/index.js
